2015-05-07 10:28:04,489 INFO [main] eu.freme.eservices.epublishing.webservice.Main(34): Creating Grizzly Server
2015-05-07 10:28:07,084 INFO [main] eu.freme.eservices.epublishing.webservice.Main(49): Created Grizzly Server
2015-05-07 10:28:07,088 INFO [main] eu.freme.eservices.epublishing.webservice.Main(50): base uri: http://0.0.0.0:8080
2015-05-07 10:28:07,089 INFO [main] eu.freme.eservices.epublishing.webservice.Main(51): WADL: http://0.0.0.0:8080/application.wadl
2015-05-07 10:28:08,100 INFO [grizzly-http-server-0] eu.freme.eservices.epublishing.webservice.EPublish(41): {"titles":["Alice in Utopia"],"authors":["Joske Vermeulen"],"tableOfContents":[{"title":"Chapter 1","resource":"01.xhtml"},{"title":"Chapter 2","resource":"02.xhtml"}]}
2015-05-07 10:28:08,886 ERROR [main] nl.siegmann.epublib.epub.PackageDocumentReader(232): resource with id 'item_1' not found
2015-05-07 10:28:08,888 ERROR [main] nl.siegmann.epublib.epub.PackageDocumentReader(232): resource with id 'item_2' not found
2015-05-07 10:28:08,900 INFO [main] eu.freme.eservices.epublishing.webservice.Main(60): Destroying Grizzly Server
2015-05-07 10:28:08,919 INFO [main] eu.freme.eservices.epublishing.webservice.Main(63): Destroyed Grizzly Server
2015-05-07 10:28:08,923 INFO [main] eu.freme.eservices.epublishing.webservice.Main(34): Creating Grizzly Server
2015-05-07 10:28:09,173 INFO [main] eu.freme.eservices.epublishing.webservice.Main(49): Created Grizzly Server
2015-05-07 10:28:09,173 INFO [main] eu.freme.eservices.epublishing.webservice.Main(50): base uri: http://0.0.0.0:8080
2015-05-07 10:28:09,174 INFO [main] eu.freme.eservices.epublishing.webservice.Main(51): WADL: http://0.0.0.0:8080/application.wadl
2015-05-07 10:28:09,303 INFO [grizzly-http-server-0] eu.freme.eservices.epublishing.webservice.EPublish(41): {"titles":["Alice in Utopia"],"authors":["Joske Vermeulen","Marieke Vermalen"],"identifier":"urn:ean:1234-7956-1356-1123","description":"Dit is een heel mooi boekske."}
2015-05-07 10:28:09,518 ERROR [main] nl.siegmann.epublib.epub.PackageDocumentReader(232): resource with id 'item_1' not found
2015-05-07 10:28:09,520 ERROR [main] nl.siegmann.epublib.epub.PackageDocumentReader(232): resource with id 'item_2' not found
2015-05-07 10:28:09,521 ERROR [main] nl.siegmann.epublib.epub.PackageDocumentReader(232): resource with id 'item_3' not found
2015-05-07 10:28:09,522 ERROR [main] nl.siegmann.epublib.epub.PackageDocumentReader(232): resource with id 'item_4' not found
2015-05-07 10:28:09,523 ERROR [main] nl.siegmann.epublib.epub.PackageDocumentReader(232): resource with id 'item_5' not found
2015-05-07 10:28:09,526 ERROR [main] nl.siegmann.epublib.epub.PackageDocumentReader(232): resource with id 'item_6' not found
2015-05-07 10:28:09,527 ERROR [main] nl.siegmann.epublib.epub.PackageDocumentReader(232): resource with id 'item_7' not found
2015-05-07 10:28:09,528 ERROR [main] nl.siegmann.epublib.epub.PackageDocumentReader(232): resource with id 'item_8' not found
2015-05-07 10:28:09,530 ERROR [main] nl.siegmann.epublib.epub.PackageDocumentReader(232): resource with id 'item_9' not found
2015-05-07 10:28:09,531 ERROR [main] nl.siegmann.epublib.epub.PackageDocumentReader(232): resource with id 'item_10' not found
2015-05-07 10:28:09,532 ERROR [main] nl.siegmann.epublib.epub.PackageDocumentReader(232): resource with id 'item_11' not found
2015-05-07 10:28:09,534 ERROR [main] nl.siegmann.epublib.epub.PackageDocumentReader(232): resource with id 'item_12' not found
2015-05-07 10:28:09,535 ERROR [main] nl.siegmann.epublib.epub.PackageDocumentReader(232): resource with id 'item_13' not found
2015-05-07 10:28:09,537 ERROR [main] nl.siegmann.epublib.epub.PackageDocumentReader(232): resource with id 'item_14' not found
2015-05-07 10:28:09,557 INFO [main] eu.freme.eservices.epublishing.webservice.Main(60): Destroying Grizzly Server
2015-05-07 10:28:09,579 INFO [main] eu.freme.eservices.epublishing.webservice.Main(63): Destroyed Grizzly Server
2015-05-07 10:33:30,359 INFO [main] eu.freme.eservices.epublishing.webservice.Main(34): Creating Grizzly Server
2015-05-07 10:33:32,466 INFO [main] eu.freme.eservices.epublishing.webservice.Main(49): Created Grizzly Server
2015-05-07 10:33:32,470 INFO [main] eu.freme.eservices.epublishing.webservice.Main(50): base uri: http://0.0.0.0:8080
2015-05-07 10:33:32,471 INFO [main] eu.freme.eservices.epublishing.webservice.Main(51): WADL: http://0.0.0.0:8080/application.wadl
2015-05-07 10:33:33,442 INFO [grizzly-http-server-0] eu.freme.eservices.epublishing.webservice.EPublish(40): {"titles":["Alice in Utopia"],"authors":["Joske Vermeulen"],"tableOfContents":[{"title":"Chapter 1","resource":"01.xhtml"},{"title":"Chapter 2","resource":"02.xhtml"}]}
2015-05-07 10:33:34,066 ERROR [main] nl.siegmann.epublib.epub.PackageDocumentReader(232): resource with id 'item_1' not found
2015-05-07 10:33:34,068 ERROR [main] nl.siegmann.epublib.epub.PackageDocumentReader(232): resource with id 'item_2' not found
2015-05-07 10:33:34,086 INFO [main] eu.freme.eservices.epublishing.webservice.Main(60): Destroying Grizzly Server
2015-05-07 10:33:34,111 INFO [main] eu.freme.eservices.epublishing.webservice.Main(63): Destroyed Grizzly Server
2015-05-07 10:33:34,114 INFO [main] eu.freme.eservices.epublishing.webservice.Main(34): Creating Grizzly Server
2015-05-07 10:33:34,335 INFO [main] eu.freme.eservices.epublishing.webservice.Main(49): Created Grizzly Server
2015-05-07 10:33:34,336 INFO [main] eu.freme.eservices.epublishing.webservice.Main(50): base uri: http://0.0.0.0:8080
2015-05-07 10:33:34,337 INFO [main] eu.freme.eservices.epublishing.webservice.Main(51): WADL: http://0.0.0.0:8080/application.wadl
2015-05-07 10:33:34,455 INFO [grizzly-http-server-5] eu.freme.eservices.epublishing.webservice.EPublish(40): {"titles":["Alice in Utopia"],"authors":["Joske Vermeulen","Marieke Vermalen"],"identifier":"urn:ean:1234-7956-1356-1123","description":"Dit is een heel mooi boekske."}
2015-05-07 10:33:34,691 ERROR [main] nl.siegmann.epublib.epub.PackageDocumentReader(232): resource with id 'item_1' not found
2015-05-07 10:33:34,692 ERROR [main] nl.siegmann.epublib.epub.PackageDocumentReader(232): resource with id 'item_2' not found
2015-05-07 10:33:34,694 ERROR [main] nl.siegmann.epublib.epub.PackageDocumentReader(232): resource with id 'item_3' not found
2015-05-07 10:33:34,705 ERROR [main] nl.siegmann.epublib.epub.PackageDocumentReader(232): resource with id 'item_4' not found
2015-05-07 10:33:34,706 ERROR [main] nl.siegmann.epublib.epub.PackageDocumentReader(232): resource with id 'item_5' not found
2015-05-07 10:33:34,708 ERROR [main] nl.siegmann.epublib.epub.PackageDocumentReader(232): resource with id 'item_6' not found
2015-05-07 10:33:34,709 ERROR [main] nl.siegmann.epublib.epub.PackageDocumentReader(232): resource with id 'item_7' not found
2015-05-07 10:33:34,711 ERROR [main] nl.siegmann.epublib.epub.PackageDocumentReader(232): resource with id 'item_8' not found
2015-05-07 10:33:34,712 ERROR [main] nl.siegmann.epublib.epub.PackageDocumentReader(232): resource with id 'item_9' not found
2015-05-07 10:33:34,713 ERROR [main] nl.siegmann.epublib.epub.PackageDocumentReader(232): resource with id 'item_10' not found
2015-05-07 10:33:34,714 ERROR [main] nl.siegmann.epublib.epub.PackageDocumentReader(232): resource with id 'item_11' not found
2015-05-07 10:33:34,715 ERROR [main] nl.siegmann.epublib.epub.PackageDocumentReader(232): resource with id 'item_12' not found
2015-05-07 10:33:34,716 ERROR [main] nl.siegmann.epublib.epub.PackageDocumentReader(232): resource with id 'item_13' not found
2015-05-07 10:33:34,717 ERROR [main] nl.siegmann.epublib.epub.PackageDocumentReader(232): resource with id 'item_14' not found
2015-05-07 10:33:34,733 INFO [main] eu.freme.eservices.epublishing.webservice.Main(60): Destroying Grizzly Server
2015-05-07 10:33:34,749 INFO [main] eu.freme.eservices.epublishing.webservice.Main(63): Destroyed Grizzly Server
2015-05-07 10:44:36,356 INFO [main] eu.freme.eservices.epublishing.webservice.Main(34): Creating Grizzly Server
2015-05-07 10:44:38,420 INFO [main] eu.freme.eservices.epublishing.webservice.Main(49): Created Grizzly Server
2015-05-07 10:44:38,423 INFO [main] eu.freme.eservices.epublishing.webservice.Main(50): base uri: http://0.0.0.0:8080
2015-05-07 10:44:38,425 INFO [main] eu.freme.eservices.epublishing.webservice.Main(51): WADL: http://0.0.0.0:8080/application.wadl
2015-05-07 10:44:39,448 INFO [grizzly-http-server-1] eu.freme.eservices.epublishing.webservice.EPublish(40): {"titles":["Alice in Utopia"],"authors":["Joske Vermeulen","Marieke Vermalen"],"identifier":"urn:ean:1234-7956-1356-1123","description":"Dit is een heel mooi boekske."}
2015-05-07 10:44:39,634 ERROR [main] nl.siegmann.epublib.epub.EpubReader(121): null
java.lang.NullPointerException
	at nl.siegmann.epublib.epub.PackageDocumentReader.read(PackageDocumentReader.java:51) ~[epublib-core-3.1.jar:?]
	at nl.siegmann.epublib.epub.EpubReader.processPackageResource(EpubReader.java:119) [epublib-core-3.1.jar:?]
	at nl.siegmann.epublib.epub.EpubReader.readEpub(EpubReader.java:97) [epublib-core-3.1.jar:?]
	at nl.siegmann.epublib.epub.EpubReader.readEpub(EpubReader.java:53) [epublib-core-3.1.jar:?]
	at nl.siegmann.epublib.epub.EpubReader.readEpub(EpubReader.java:37) [epublib-core-3.1.jar:?]
	at eu.freme.eservices.epublishing.webservice.EPubTest.TestAlice(EPubTest.java:77) [test-classes/:?]
	at sun.reflect.NativeMethodAccessorImpl.invoke0(Native Method) ~[?:1.8.0_45]
	at sun.reflect.NativeMethodAccessorImpl.invoke(NativeMethodAccessorImpl.java:62) ~[?:1.8.0_45]
	at sun.reflect.DelegatingMethodAccessorImpl.invoke(DelegatingMethodAccessorImpl.java:43) ~[?:1.8.0_45]
	at java.lang.reflect.Method.invoke(Method.java:497) ~[?:1.8.0_45]
	at org.junit.runners.model.FrameworkMethod$1.runReflectiveCall(FrameworkMethod.java:44) [junit-4.8.1.jar:?]
	at org.junit.internal.runners.model.ReflectiveCallable.run(ReflectiveCallable.java:15) [junit-4.8.1.jar:?]
	at org.junit.runners.model.FrameworkMethod.invokeExplosively(FrameworkMethod.java:41) [junit-4.8.1.jar:?]
	at org.junit.internal.runners.statements.InvokeMethod.evaluate(InvokeMethod.java:20) [junit-4.8.1.jar:?]
	at org.junit.internal.runners.statements.RunBefores.evaluate(RunBefores.java:28) [junit-4.8.1.jar:?]
	at org.junit.internal.runners.statements.RunAfters.evaluate(RunAfters.java:31) [junit-4.8.1.jar:?]
	at org.junit.runners.BlockJUnit4ClassRunner.runChild(BlockJUnit4ClassRunner.java:76) [junit-4.8.1.jar:?]
	at org.junit.runners.BlockJUnit4ClassRunner.runChild(BlockJUnit4ClassRunner.java:50) [junit-4.8.1.jar:?]
	at org.junit.runners.ParentRunner$3.run(ParentRunner.java:193) [junit-4.8.1.jar:?]
	at org.junit.runners.ParentRunner$1.schedule(ParentRunner.java:52) [junit-4.8.1.jar:?]
	at org.junit.runners.ParentRunner.runChildren(ParentRunner.java:191) [junit-4.8.1.jar:?]
	at org.junit.runners.ParentRunner.access$000(ParentRunner.java:42) [junit-4.8.1.jar:?]
	at org.junit.runners.ParentRunner$2.evaluate(ParentRunner.java:184) [junit-4.8.1.jar:?]
	at org.junit.runners.ParentRunner.run(ParentRunner.java:236) [junit-4.8.1.jar:?]
	at org.apache.maven.surefire.junit4.JUnit4TestSet.execute(JUnit4TestSet.java:53) [surefire-junit4-2.10.jar:2.10]
	at org.apache.maven.surefire.junit4.JUnit4Provider.executeTestSet(JUnit4Provider.java:123) [surefire-junit4-2.10.jar:2.10]
	at org.apache.maven.surefire.junit4.JUnit4Provider.invoke(JUnit4Provider.java:104) [surefire-junit4-2.10.jar:2.10]
	at sun.reflect.NativeMethodAccessorImpl.invoke0(Native Method) ~[?:1.8.0_45]
	at sun.reflect.NativeMethodAccessorImpl.invoke(NativeMethodAccessorImpl.java:62) ~[?:1.8.0_45]
	at sun.reflect.DelegatingMethodAccessorImpl.invoke(DelegatingMethodAccessorImpl.java:43) ~[?:1.8.0_45]
	at java.lang.reflect.Method.invoke(Method.java:497) ~[?:1.8.0_45]
	at org.apache.maven.surefire.util.ReflectionUtils.invokeMethodWithArray(ReflectionUtils.java:164) [surefire-api-2.10.jar:2.10]
	at org.apache.maven.surefire.booter.ProviderFactory$ProviderProxy.invoke(ProviderFactory.java:110) [surefire-booter-2.10.jar:2.10]
	at org.apache.maven.surefire.booter.SurefireStarter.invokeProvider(SurefireStarter.java:175) [surefire-booter-2.10.jar:2.10]
	at org.apache.maven.surefire.booter.SurefireStarter.runSuitesInProcessWhenForked(SurefireStarter.java:107) [surefire-booter-2.10.jar:2.10]
	at org.apache.maven.surefire.booter.ForkedBooter.main(ForkedBooter.java:68) [surefire-booter-2.10.jar:2.10]
2015-05-07 10:44:39,651 ERROR [main] nl.siegmann.epublib.epub.NCXDocument(82): Book does not contain a table of contents file
2015-05-07 10:44:39,687 INFO [main] eu.freme.eservices.epublishing.webservice.Main(60): Destroying Grizzly Server
2015-05-07 10:44:39,719 INFO [main] eu.freme.eservices.epublishing.webservice.Main(63): Destroyed Grizzly Server
2015-05-07 10:44:39,750 INFO [main] eu.freme.eservices.epublishing.webservice.Main(34): Creating Grizzly Server
2015-05-07 10:44:40,006 INFO [main] eu.freme.eservices.epublishing.webservice.Main(49): Created Grizzly Server
2015-05-07 10:44:40,007 INFO [main] eu.freme.eservices.epublishing.webservice.Main(50): base uri: http://0.0.0.0:8080
2015-05-07 10:44:40,008 INFO [main] eu.freme.eservices.epublishing.webservice.Main(51): WADL: http://0.0.0.0:8080/application.wadl
2015-05-07 10:44:40,112 INFO [grizzly-http-server-0] eu.freme.eservices.epublishing.webservice.EPublish(40): {"titles":["Alice in Utopia"],"authors":["Joske Vermeulen"],"tableOfContents":[{"title":"Chapter 1","resource":"01.xhtml"},{"title":"Chapter 2","resource":"02.xhtml"}]}
2015-05-07 10:44:40,369 INFO [main] eu.freme.eservices.epublishing.webservice.Main(60): Destroying Grizzly Server
2015-05-07 10:44:40,397 INFO [main] eu.freme.eservices.epublishing.webservice.Main(63): Destroyed Grizzly Server
2015-05-07 10:45:50,171 INFO [main] eu.freme.eservices.epublishing.webservice.Main(34): Creating Grizzly Server
2015-05-07 10:45:52,257 INFO [main] eu.freme.eservices.epublishing.webservice.Main(49): Created Grizzly Server
2015-05-07 10:45:52,260 INFO [main] eu.freme.eservices.epublishing.webservice.Main(50): base uri: http://0.0.0.0:8080
2015-05-07 10:45:52,261 INFO [main] eu.freme.eservices.epublishing.webservice.Main(51): WADL: http://0.0.0.0:8080/application.wadl
2015-05-07 10:45:53,185 INFO [grizzly-http-server-0] eu.freme.eservices.epublishing.webservice.EPublish(40): {"titles":["Alice in Utopia"],"authors":["Joske Vermeulen","Marieke Vermalen"],"identifier":"urn:ean:1234-7956-1356-1123","description":"Dit is een heel mooi boekske."}
2015-05-07 10:45:53,347 ERROR [main] nl.siegmann.epublib.epub.EpubReader(121): null
java.lang.NullPointerException
	at nl.siegmann.epublib.epub.PackageDocumentReader.read(PackageDocumentReader.java:51) ~[epublib-core-3.1.jar:?]
	at nl.siegmann.epublib.epub.EpubReader.processPackageResource(EpubReader.java:119) [epublib-core-3.1.jar:?]
	at nl.siegmann.epublib.epub.EpubReader.readEpub(EpubReader.java:97) [epublib-core-3.1.jar:?]
	at nl.siegmann.epublib.epub.EpubReader.readEpub(EpubReader.java:53) [epublib-core-3.1.jar:?]
	at nl.siegmann.epublib.epub.EpubReader.readEpub(EpubReader.java:37) [epublib-core-3.1.jar:?]
	at eu.freme.eservices.epublishing.webservice.EPubTest.TestAlice(EPubTest.java:77) [test-classes/:?]
	at sun.reflect.NativeMethodAccessorImpl.invoke0(Native Method) ~[?:1.8.0_45]
	at sun.reflect.NativeMethodAccessorImpl.invoke(NativeMethodAccessorImpl.java:62) ~[?:1.8.0_45]
	at sun.reflect.DelegatingMethodAccessorImpl.invoke(DelegatingMethodAccessorImpl.java:43) ~[?:1.8.0_45]
	at java.lang.reflect.Method.invoke(Method.java:497) ~[?:1.8.0_45]
	at org.junit.runners.model.FrameworkMethod$1.runReflectiveCall(FrameworkMethod.java:44) [junit-4.8.1.jar:?]
	at org.junit.internal.runners.model.ReflectiveCallable.run(ReflectiveCallable.java:15) [junit-4.8.1.jar:?]
	at org.junit.runners.model.FrameworkMethod.invokeExplosively(FrameworkMethod.java:41) [junit-4.8.1.jar:?]
	at org.junit.internal.runners.statements.InvokeMethod.evaluate(InvokeMethod.java:20) [junit-4.8.1.jar:?]
	at org.junit.internal.runners.statements.RunBefores.evaluate(RunBefores.java:28) [junit-4.8.1.jar:?]
	at org.junit.internal.runners.statements.RunAfters.evaluate(RunAfters.java:31) [junit-4.8.1.jar:?]
	at org.junit.runners.BlockJUnit4ClassRunner.runChild(BlockJUnit4ClassRunner.java:76) [junit-4.8.1.jar:?]
	at org.junit.runners.BlockJUnit4ClassRunner.runChild(BlockJUnit4ClassRunner.java:50) [junit-4.8.1.jar:?]
	at org.junit.runners.ParentRunner$3.run(ParentRunner.java:193) [junit-4.8.1.jar:?]
	at org.junit.runners.ParentRunner$1.schedule(ParentRunner.java:52) [junit-4.8.1.jar:?]
	at org.junit.runners.ParentRunner.runChildren(ParentRunner.java:191) [junit-4.8.1.jar:?]
	at org.junit.runners.ParentRunner.access$000(ParentRunner.java:42) [junit-4.8.1.jar:?]
	at org.junit.runners.ParentRunner$2.evaluate(ParentRunner.java:184) [junit-4.8.1.jar:?]
	at org.junit.runners.ParentRunner.run(ParentRunner.java:236) [junit-4.8.1.jar:?]
	at org.apache.maven.surefire.junit4.JUnit4TestSet.execute(JUnit4TestSet.java:53) [surefire-junit4-2.10.jar:2.10]
	at org.apache.maven.surefire.junit4.JUnit4Provider.executeTestSet(JUnit4Provider.java:123) [surefire-junit4-2.10.jar:2.10]
	at org.apache.maven.surefire.junit4.JUnit4Provider.invoke(JUnit4Provider.java:104) [surefire-junit4-2.10.jar:2.10]
	at sun.reflect.NativeMethodAccessorImpl.invoke0(Native Method) ~[?:1.8.0_45]
	at sun.reflect.NativeMethodAccessorImpl.invoke(NativeMethodAccessorImpl.java:62) ~[?:1.8.0_45]
	at sun.reflect.DelegatingMethodAccessorImpl.invoke(DelegatingMethodAccessorImpl.java:43) ~[?:1.8.0_45]
	at java.lang.reflect.Method.invoke(Method.java:497) ~[?:1.8.0_45]
	at org.apache.maven.surefire.util.ReflectionUtils.invokeMethodWithArray(ReflectionUtils.java:164) [surefire-api-2.10.jar:2.10]
	at org.apache.maven.surefire.booter.ProviderFactory$ProviderProxy.invoke(ProviderFactory.java:110) [surefire-booter-2.10.jar:2.10]
	at org.apache.maven.surefire.booter.SurefireStarter.invokeProvider(SurefireStarter.java:175) [surefire-booter-2.10.jar:2.10]
	at org.apache.maven.surefire.booter.SurefireStarter.runSuitesInProcessWhenForked(SurefireStarter.java:107) [surefire-booter-2.10.jar:2.10]
	at org.apache.maven.surefire.booter.ForkedBooter.main(ForkedBooter.java:68) [surefire-booter-2.10.jar:2.10]
2015-05-07 10:45:53,371 ERROR [main] nl.siegmann.epublib.epub.NCXDocument(82): Book does not contain a table of contents file
2015-05-07 10:45:53,389 INFO [main] eu.freme.eservices.epublishing.webservice.Main(60): Destroying Grizzly Server
2015-05-07 10:45:53,439 INFO [main] eu.freme.eservices.epublishing.webservice.Main(63): Destroyed Grizzly Server
2015-05-07 10:45:53,489 INFO [main] eu.freme.eservices.epublishing.webservice.Main(34): Creating Grizzly Server
2015-05-07 10:45:53,712 INFO [main] eu.freme.eservices.epublishing.webservice.Main(49): Created Grizzly Server
2015-05-07 10:45:53,713 INFO [main] eu.freme.eservices.epublishing.webservice.Main(50): base uri: http://0.0.0.0:8080
2015-05-07 10:45:53,714 INFO [main] eu.freme.eservices.epublishing.webservice.Main(51): WADL: http://0.0.0.0:8080/application.wadl
2015-05-07 10:45:53,830 INFO [grizzly-http-server-0] eu.freme.eservices.epublishing.webservice.EPublish(40): {"titles":["Alice in Utopia"],"authors":["Joske Vermeulen"],"tableOfContents":[{"title":"Chapter 1","resource":"01.xhtml"},{"title":"Chapter 2","resource":"02.xhtml"}]}
2015-05-07 10:45:54,330 ERROR [main] nl.siegmann.epublib.epub.PackageDocumentReader(232): resource with id 'item_1' not found
2015-05-07 10:45:54,331 ERROR [main] nl.siegmann.epublib.epub.PackageDocumentReader(232): resource with id 'item_2' not found
2015-05-07 10:45:54,341 INFO [main] eu.freme.eservices.epublishing.webservice.Main(60): Destroying Grizzly Server
2015-05-07 10:45:54,354 INFO [main] eu.freme.eservices.epublishing.webservice.Main(63): Destroyed Grizzly Server
2015-05-07 10:47:10,080 INFO [main] eu.freme.eservices.epublishing.webservice.Main(34): Creating Grizzly Server
2015-05-07 10:47:12,288 INFO [main] eu.freme.eservices.epublishing.webservice.Main(49): Created Grizzly Server
2015-05-07 10:47:12,291 INFO [main] eu.freme.eservices.epublishing.webservice.Main(50): base uri: http://0.0.0.0:8080
2015-05-07 10:47:12,292 INFO [main] eu.freme.eservices.epublishing.webservice.Main(51): WADL: http://0.0.0.0:8080/application.wadl
2015-05-07 10:47:13,197 INFO [grizzly-http-server-0] eu.freme.eservices.epublishing.webservice.EPublish(40): {"titles":["Alice in Utopia"],"authors":["Joske Vermeulen","Marieke Vermalen"],"identifier":"urn:ean:1234-7956-1356-1123","description":"Dit is een heel mooi boekske."}
2015-05-07 10:47:13,844 ERROR [main] nl.siegmann.epublib.epub.PackageDocumentReader(232): resource with id 'item_1' not found
2015-05-07 10:47:13,846 ERROR [main] nl.siegmann.epublib.epub.PackageDocumentReader(232): resource with id 'item_2' not found
2015-05-07 10:47:13,847 ERROR [main] nl.siegmann.epublib.epub.PackageDocumentReader(232): resource with id 'item_3' not found
2015-05-07 10:47:13,848 ERROR [main] nl.siegmann.epublib.epub.PackageDocumentReader(232): resource with id 'item_4' not found
2015-05-07 10:47:13,849 ERROR [main] nl.siegmann.epublib.epub.PackageDocumentReader(232): resource with id 'item_5' not found
2015-05-07 10:47:13,850 ERROR [main] nl.siegmann.epublib.epub.PackageDocumentReader(232): resource with id 'item_6' not found
2015-05-07 10:47:13,851 ERROR [main] nl.siegmann.epublib.epub.PackageDocumentReader(232): resource with id 'item_7' not found
2015-05-07 10:47:13,852 ERROR [main] nl.siegmann.epublib.epub.PackageDocumentReader(232): resource with id 'item_8' not found
2015-05-07 10:47:13,854 ERROR [main] nl.siegmann.epublib.epub.PackageDocumentReader(232): resource with id 'item_9' not found
2015-05-07 10:47:13,855 ERROR [main] nl.siegmann.epublib.epub.PackageDocumentReader(232): resource with id 'item_10' not found
2015-05-07 10:47:13,856 ERROR [main] nl.siegmann.epublib.epub.PackageDocumentReader(232): resource with id 'item_11' not found
2015-05-07 10:47:13,858 ERROR [main] nl.siegmann.epublib.epub.PackageDocumentReader(232): resource with id 'item_12' not found
2015-05-07 10:47:13,859 ERROR [main] nl.siegmann.epublib.epub.PackageDocumentReader(232): resource with id 'item_13' not found
2015-05-07 10:47:13,860 ERROR [main] nl.siegmann.epublib.epub.PackageDocumentReader(232): resource with id 'item_14' not found
2015-05-07 10:47:13,904 INFO [main] eu.freme.eservices.epublishing.webservice.Main(60): Destroying Grizzly Server
2015-05-07 10:47:13,925 INFO [main] eu.freme.eservices.epublishing.webservice.Main(63): Destroyed Grizzly Server
2015-05-07 10:47:13,928 INFO [main] eu.freme.eservices.epublishing.webservice.Main(34): Creating Grizzly Server
2015-05-07 10:47:14,130 INFO [main] eu.freme.eservices.epublishing.webservice.Main(49): Created Grizzly Server
2015-05-07 10:47:14,131 INFO [main] eu.freme.eservices.epublishing.webservice.Main(50): base uri: http://0.0.0.0:8080
2015-05-07 10:47:14,132 INFO [main] eu.freme.eservices.epublishing.webservice.Main(51): WADL: http://0.0.0.0:8080/application.wadl
2015-05-07 10:47:14,268 INFO [grizzly-http-server-0] eu.freme.eservices.epublishing.webservice.EPublish(40): {"titles":["Alice in Utopia"],"authors":["Joske Vermeulen"],"tableOfContents":[{"title":"Chapter 1","resource":"01.xhtml"},{"title":"Chapter 2","resource":"02.xhtml"}]}
2015-05-07 10:47:14,518 ERROR [main] nl.siegmann.epublib.epub.PackageDocumentReader(232): resource with id 'item_1' not found
2015-05-07 10:47:14,519 ERROR [main] nl.siegmann.epublib.epub.PackageDocumentReader(232): resource with id 'item_2' not found
2015-05-07 10:47:14,527 INFO [main] eu.freme.eservices.epublishing.webservice.Main(60): Destroying Grizzly Server
2015-05-07 10:47:14,540 INFO [main] eu.freme.eservices.epublishing.webservice.Main(63): Destroyed Grizzly Server
2015-05-07 10:48:17,495 INFO [main] eu.freme.eservices.epublishing.webservice.Main(34): Creating Grizzly Server
2015-05-07 10:48:20,225 INFO [main] eu.freme.eservices.epublishing.webservice.Main(49): Created Grizzly Server
2015-05-07 10:48:20,230 INFO [main] eu.freme.eservices.epublishing.webservice.Main(50): base uri: http://0.0.0.0:8080
2015-05-07 10:48:20,232 INFO [main] eu.freme.eservices.epublishing.webservice.Main(51): WADL: http://0.0.0.0:8080/application.wadl
2015-05-07 10:48:21,619 INFO [grizzly-http-server-1] eu.freme.eservices.epublishing.webservice.EPublish(40): {"titles":["Alice in Utopia"],"authors":["Joske Vermeulen"],"tableOfContents":[{"title":"Chapter 1","resource":"01.xhtml"},{"title":"Chapter 2","resource":"02.xhtml"}]}
2015-05-07 10:49:11,811 INFO [main] eu.freme.eservices.epublishing.webservice.Main(34): Creating Grizzly Server
2015-05-07 10:49:13,990 INFO [main] eu.freme.eservices.epublishing.webservice.Main(49): Created Grizzly Server
2015-05-07 10:49:13,993 INFO [main] eu.freme.eservices.epublishing.webservice.Main(50): base uri: http://0.0.0.0:8080
2015-05-07 10:49:13,994 INFO [main] eu.freme.eservices.epublishing.webservice.Main(51): WADL: http://0.0.0.0:8080/application.wadl
2015-05-07 10:49:14,902 INFO [grizzly-http-server-0] eu.freme.eservices.epublishing.webservice.EPublish(40): {"titles":["Alice in Utopia"],"authors":["Joske Vermeulen","Marieke Vermalen"],"identifier":"urn:ean:1234-7956-1356-1123","description":"Dit is een heel mooi boekske."}
2015-05-07 10:49:15,603 ERROR [main] nl.siegmann.epublib.epub.PackageDocumentReader(232): resource with id 'item_1' not found
2015-05-07 10:49:15,604 ERROR [main] nl.siegmann.epublib.epub.PackageDocumentReader(232): resource with id 'item_2' not found
2015-05-07 10:49:15,605 ERROR [main] nl.siegmann.epublib.epub.PackageDocumentReader(232): resource with id 'item_3' not found
2015-05-07 10:49:15,606 ERROR [main] nl.siegmann.epublib.epub.PackageDocumentReader(232): resource with id 'item_4' not found
2015-05-07 10:49:15,608 ERROR [main] nl.siegmann.epublib.epub.PackageDocumentReader(232): resource with id 'item_5' not found
2015-05-07 10:49:15,609 ERROR [main] nl.siegmann.epublib.epub.PackageDocumentReader(232): resource with id 'item_6' not found
2015-05-07 10:49:15,610 ERROR [main] nl.siegmann.epublib.epub.PackageDocumentReader(232): resource with id 'item_7' not found
2015-05-07 10:49:15,612 ERROR [main] nl.siegmann.epublib.epub.PackageDocumentReader(232): resource with id 'item_8' not found
2015-05-07 10:49:15,613 ERROR [main] nl.siegmann.epublib.epub.PackageDocumentReader(232): resource with id 'item_9' not found
2015-05-07 10:49:15,615 ERROR [main] nl.siegmann.epublib.epub.PackageDocumentReader(232): resource with id 'item_10' not found
2015-05-07 10:49:15,616 ERROR [main] nl.siegmann.epublib.epub.PackageDocumentReader(232): resource with id 'item_11' not found
2015-05-07 10:49:15,617 ERROR [main] nl.siegmann.epublib.epub.PackageDocumentReader(232): resource with id 'item_12' not found
2015-05-07 10:49:15,618 ERROR [main] nl.siegmann.epublib.epub.PackageDocumentReader(232): resource with id 'item_13' not found
2015-05-07 10:49:15,619 ERROR [main] nl.siegmann.epublib.epub.PackageDocumentReader(232): resource with id 'item_14' not found
2015-05-07 10:49:15,647 INFO [main] eu.freme.eservices.epublishing.webservice.Main(60): Destroying Grizzly Server
2015-05-07 10:49:15,672 INFO [main] eu.freme.eservices.epublishing.webservice.Main(63): Destroyed Grizzly Server
2015-05-07 10:49:15,685 INFO [main] eu.freme.eservices.epublishing.webservice.Main(34): Creating Grizzly Server
2015-05-07 10:49:15,943 INFO [main] eu.freme.eservices.epublishing.webservice.Main(49): Created Grizzly Server
2015-05-07 10:49:15,943 INFO [main] eu.freme.eservices.epublishing.webservice.Main(50): base uri: http://0.0.0.0:8080
2015-05-07 10:49:15,944 INFO [main] eu.freme.eservices.epublishing.webservice.Main(51): WADL: http://0.0.0.0:8080/application.wadl
2015-05-07 10:49:16,089 INFO [grizzly-http-server-0] eu.freme.eservices.epublishing.webservice.EPublish(40): {"titles":["Alice in Utopia"],"authors":["Joske Vermeulen"],"tableOfContents":[{"title":"Chapter 1","resource":"01.xhtml"},{"title":"Chapter 2","resource":"02.xhtml"}]}
2015-05-07 10:49:16,307 INFO [main] eu.freme.eservices.epublishing.webservice.Main(60): Destroying Grizzly Server
2015-05-07 10:49:16,330 INFO [main] eu.freme.eservices.epublishing.webservice.Main(63): Destroyed Grizzly Server
2015-05-07 10:55:56,767 INFO [main] eu.freme.eservices.epublishing.webservice.Main(34): Creating Grizzly Server
2015-05-07 10:55:58,919 INFO [main] eu.freme.eservices.epublishing.webservice.Main(49): Created Grizzly Server
2015-05-07 10:55:58,922 INFO [main] eu.freme.eservices.epublishing.webservice.Main(50): base uri: http://0.0.0.0:8080
2015-05-07 10:55:58,923 INFO [main] eu.freme.eservices.epublishing.webservice.Main(51): WADL: http://0.0.0.0:8080/application.wadl
2015-05-07 10:55:59,903 INFO [grizzly-http-server-0] eu.freme.eservices.epublishing.webservice.EPublish(40): {"titles":["Alice in Utopia"],"authors":["Joske Vermeulen"],"tableOfContents":[{"title":"Chapter 1","resource":"01.xhtml"},{"title":"Chapter 2","resource":"02.xhtml"}]}
2015-05-07 10:56:00,555 INFO [main] eu.freme.eservices.epublishing.webservice.Main(60): Destroying Grizzly Server
2015-05-07 10:56:00,583 INFO [main] eu.freme.eservices.epublishing.webservice.Main(63): Destroyed Grizzly Server
2015-05-07 10:56:00,589 INFO [main] eu.freme.eservices.epublishing.webservice.Main(34): Creating Grizzly Server
2015-05-07 10:56:00,828 INFO [main] eu.freme.eservices.epublishing.webservice.Main(49): Created Grizzly Server
2015-05-07 10:56:00,829 INFO [main] eu.freme.eservices.epublishing.webservice.Main(50): base uri: http://0.0.0.0:8080
2015-05-07 10:56:00,830 INFO [main] eu.freme.eservices.epublishing.webservice.Main(51): WADL: http://0.0.0.0:8080/application.wadl
2015-05-07 10:56:00,955 INFO [grizzly-http-server-2] eu.freme.eservices.epublishing.webservice.EPublish(40): {"titles":["Alice in Utopia"],"authors":["Joske Vermeulen","Marieke Vermalen"],"identifier":"urn:ean:1234-7956-1356-1123","description":"Dit is een heel mooi boekske."}
2015-05-07 10:56:01,240 INFO [main] eu.freme.eservices.epublishing.webservice.Main(60): Destroying Grizzly Server
2015-05-07 10:56:01,280 INFO [main] eu.freme.eservices.epublishing.webservice.Main(63): Destroyed Grizzly Server
2015-05-07 10:57:31,970 INFO [main] eu.freme.eservices.epublishing.webservice.Main(34): Creating Grizzly Server
2015-05-07 10:57:34,826 INFO [main] eu.freme.eservices.epublishing.webservice.Main(49): Created Grizzly Server
2015-05-07 10:57:34,829 INFO [main] eu.freme.eservices.epublishing.webservice.Main(50): base uri: http://0.0.0.0:8080
2015-05-07 10:57:34,830 INFO [main] eu.freme.eservices.epublishing.webservice.Main(51): WADL: http://0.0.0.0:8080/application.wadl
2015-05-07 10:57:36,384 INFO [grizzly-http-server-0] eu.freme.eservices.epublishing.webservice.EPublish(40): {"titles":["Alice in Utopia"],"authors":["Joske Vermeulen","Marieke Vermalen"],"identifier":"urn:ean:1234-7956-1356-1123","description":"Dit is een heel mooi boekske."}
2015-05-07 10:58:27,924 INFO [main] eu.freme.eservices.epublishing.webservice.Main(34): Creating Grizzly Server
2015-05-07 10:58:31,291 INFO [main] eu.freme.eservices.epublishing.webservice.Main(49): Created Grizzly Server
2015-05-07 10:58:31,297 INFO [main] eu.freme.eservices.epublishing.webservice.Main(50): base uri: http://0.0.0.0:8080
2015-05-07 10:58:31,299 INFO [main] eu.freme.eservices.epublishing.webservice.Main(51): WADL: http://0.0.0.0:8080/application.wadl
2015-05-07 10:58:33,008 INFO [grizzly-http-server-1] eu.freme.eservices.epublishing.webservice.EPublish(40): {"titles":["Alice in Utopia"],"authors":["Joske Vermeulen","Marieke Vermalen"],"identifier":"urn:ean:1234-7956-1356-1123","description":"Dit is een heel mooi boekske."}
2015-05-07 11:00:31,018 INFO [main] eu.freme.eservices.epublishing.webservice.Main(34): Creating Grizzly Server
2015-05-07 11:00:33,172 INFO [main] eu.freme.eservices.epublishing.webservice.Main(49): Created Grizzly Server
2015-05-07 11:00:33,175 INFO [main] eu.freme.eservices.epublishing.webservice.Main(50): base uri: http://0.0.0.0:8080
2015-05-07 11:00:33,176 INFO [main] eu.freme.eservices.epublishing.webservice.Main(51): WADL: http://0.0.0.0:8080/application.wadl
2015-05-07 11:00:34,192 INFO [grizzly-http-server-0] eu.freme.eservices.epublishing.webservice.EPublish(40): {"titles":["Alice in Utopia"],"authors":["Joske Vermeulen"],"tableOfContents":[{"title":"Chapter 1","resource":"01.xhtml"},{"title":"Chapter 2","resource":"02.xhtml"}]}
2015-05-07 11:00:34,814 INFO [main] eu.freme.eservices.epublishing.webservice.Main(60): Destroying Grizzly Server
2015-05-07 11:00:34,837 INFO [main] eu.freme.eservices.epublishing.webservice.Main(63): Destroyed Grizzly Server
2015-05-07 11:00:34,845 INFO [main] eu.freme.eservices.epublishing.webservice.Main(34): Creating Grizzly Server
2015-05-07 11:00:35,059 INFO [main] eu.freme.eservices.epublishing.webservice.Main(49): Created Grizzly Server
2015-05-07 11:00:35,060 INFO [main] eu.freme.eservices.epublishing.webservice.Main(50): base uri: http://0.0.0.0:8080
2015-05-07 11:00:35,061 INFO [main] eu.freme.eservices.epublishing.webservice.Main(51): WADL: http://0.0.0.0:8080/application.wadl
2015-05-07 11:00:35,181 INFO [grizzly-http-server-0] eu.freme.eservices.epublishing.webservice.EPublish(40): {"titles":["Alice in Utopia"],"authors":["Joske Vermeulen","Marieke Vermalen"],"identifier":"urn:ean:1234-7956-1356-1123","description":"Dit is een heel mooi boekske."}
2015-05-07 11:00:35,481 INFO [main] eu.freme.eservices.epublishing.webservice.Main(60): Destroying Grizzly Server
2015-05-07 11:00:35,518 INFO [main] eu.freme.eservices.epublishing.webservice.Main(63): Destroyed Grizzly Server
2015-05-07 11:10:54,800 INFO [main] eu.freme.eservices.epublishing.webservice.Main(34): Creating Grizzly Server
2015-05-07 11:10:56,935 INFO [main] eu.freme.eservices.epublishing.webservice.Main(49): Created Grizzly Server
2015-05-07 11:10:56,939 INFO [main] eu.freme.eservices.epublishing.webservice.Main(50): base uri: http://0.0.0.0:8080
2015-05-07 11:10:56,940 INFO [main] eu.freme.eservices.epublishing.webservice.Main(51): WADL: http://0.0.0.0:8080/application.wadl
2015-05-07 11:10:57,946 INFO [grizzly-http-server-1] eu.freme.eservices.epublishing.webservice.EPublish(40): {"titles":["Alice in Utopia"],"authors":["Joske Vermeulen"],"coverImage":"cover.jpg","tableOfContents":[{"title":"Chapter 1","resource":"01.xhtml"},{"title":"Chapter 2","resource":"02.xhtml"}]}
2015-05-07 11:10:58,097 ERROR [main] nl.siegmann.epublib.epub.EpubReader(121): null
java.lang.NullPointerException
	at nl.siegmann.epublib.epub.PackageDocumentReader.read(PackageDocumentReader.java:51) ~[epublib-core-3.1.jar:?]
	at nl.siegmann.epublib.epub.EpubReader.processPackageResource(EpubReader.java:119) [epublib-core-3.1.jar:?]
	at nl.siegmann.epublib.epub.EpubReader.readEpub(EpubReader.java:97) [epublib-core-3.1.jar:?]
	at nl.siegmann.epublib.epub.EpubReader.readEpub(EpubReader.java:53) [epublib-core-3.1.jar:?]
	at nl.siegmann.epublib.epub.EpubReader.readEpub(EpubReader.java:37) [epublib-core-3.1.jar:?]
	at eu.freme.eservices.epublishing.webservice.EPubTest.TestCoverImage(EPubTest.java:193) [test-classes/:?]
	at sun.reflect.NativeMethodAccessorImpl.invoke0(Native Method) ~[?:1.8.0_45]
	at sun.reflect.NativeMethodAccessorImpl.invoke(NativeMethodAccessorImpl.java:62) ~[?:1.8.0_45]
	at sun.reflect.DelegatingMethodAccessorImpl.invoke(DelegatingMethodAccessorImpl.java:43) ~[?:1.8.0_45]
	at java.lang.reflect.Method.invoke(Method.java:497) ~[?:1.8.0_45]
	at org.junit.runners.model.FrameworkMethod$1.runReflectiveCall(FrameworkMethod.java:44) [junit-4.8.1.jar:?]
	at org.junit.internal.runners.model.ReflectiveCallable.run(ReflectiveCallable.java:15) [junit-4.8.1.jar:?]
	at org.junit.runners.model.FrameworkMethod.invokeExplosively(FrameworkMethod.java:41) [junit-4.8.1.jar:?]
	at org.junit.internal.runners.statements.InvokeMethod.evaluate(InvokeMethod.java:20) [junit-4.8.1.jar:?]
	at org.junit.internal.runners.statements.RunBefores.evaluate(RunBefores.java:28) [junit-4.8.1.jar:?]
	at org.junit.internal.runners.statements.RunAfters.evaluate(RunAfters.java:31) [junit-4.8.1.jar:?]
	at org.junit.runners.BlockJUnit4ClassRunner.runChild(BlockJUnit4ClassRunner.java:76) [junit-4.8.1.jar:?]
	at org.junit.runners.BlockJUnit4ClassRunner.runChild(BlockJUnit4ClassRunner.java:50) [junit-4.8.1.jar:?]
	at org.junit.runners.ParentRunner$3.run(ParentRunner.java:193) [junit-4.8.1.jar:?]
	at org.junit.runners.ParentRunner$1.schedule(ParentRunner.java:52) [junit-4.8.1.jar:?]
	at org.junit.runners.ParentRunner.runChildren(ParentRunner.java:191) [junit-4.8.1.jar:?]
	at org.junit.runners.ParentRunner.access$000(ParentRunner.java:42) [junit-4.8.1.jar:?]
	at org.junit.runners.ParentRunner$2.evaluate(ParentRunner.java:184) [junit-4.8.1.jar:?]
	at org.junit.runners.ParentRunner.run(ParentRunner.java:236) [junit-4.8.1.jar:?]
	at org.apache.maven.surefire.junit4.JUnit4TestSet.execute(JUnit4TestSet.java:45) [surefire-junit4-2.10.jar:2.10]
	at org.apache.maven.surefire.junit4.JUnit4Provider.executeTestSet(JUnit4Provider.java:123) [surefire-junit4-2.10.jar:2.10]
	at org.apache.maven.surefire.junit4.JUnit4Provider.invoke(JUnit4Provider.java:104) [surefire-junit4-2.10.jar:2.10]
	at sun.reflect.NativeMethodAccessorImpl.invoke0(Native Method) ~[?:1.8.0_45]
	at sun.reflect.NativeMethodAccessorImpl.invoke(NativeMethodAccessorImpl.java:62) ~[?:1.8.0_45]
	at sun.reflect.DelegatingMethodAccessorImpl.invoke(DelegatingMethodAccessorImpl.java:43) ~[?:1.8.0_45]
	at java.lang.reflect.Method.invoke(Method.java:497) ~[?:1.8.0_45]
	at org.apache.maven.surefire.util.ReflectionUtils.invokeMethodWithArray(ReflectionUtils.java:164) [surefire-api-2.10.jar:2.10]
	at org.apache.maven.surefire.booter.ProviderFactory$ProviderProxy.invoke(ProviderFactory.java:110) [surefire-booter-2.10.jar:2.10]
	at org.apache.maven.surefire.booter.SurefireStarter.invokeProvider(SurefireStarter.java:175) [surefire-booter-2.10.jar:2.10]
	at org.apache.maven.surefire.booter.SurefireStarter.runSuitesInProcessWhenForked(SurefireStarter.java:107) [surefire-booter-2.10.jar:2.10]
	at org.apache.maven.surefire.booter.ForkedBooter.main(ForkedBooter.java:68) [surefire-booter-2.10.jar:2.10]
2015-05-07 11:10:58,110 ERROR [main] nl.siegmann.epublib.epub.NCXDocument(82): Book does not contain a table of contents file
2015-05-07 11:10:58,117 INFO [main] eu.freme.eservices.epublishing.webservice.Main(60): Destroying Grizzly Server
2015-05-07 11:10:58,136 INFO [main] eu.freme.eservices.epublishing.webservice.Main(63): Destroyed Grizzly Server
2015-05-07 11:12:42,254 INFO [main] eu.freme.eservices.epublishing.webservice.Main(34): Creating Grizzly Server
2015-05-07 11:12:44,889 INFO [main] eu.freme.eservices.epublishing.webservice.Main(49): Created Grizzly Server
2015-05-07 11:12:44,892 INFO [main] eu.freme.eservices.epublishing.webservice.Main(50): base uri: http://0.0.0.0:8080
2015-05-07 11:12:44,893 INFO [main] eu.freme.eservices.epublishing.webservice.Main(51): WADL: http://0.0.0.0:8080/application.wadl
2015-05-07 11:12:46,053 INFO [grizzly-http-server-1] eu.freme.eservices.epublishing.webservice.EPublish(40): {"titles":["Alice in Utopia"],"authors":["Joske Vermeulen"],"coverImage":"cover.jpg","tableOfContents":[{"title":"Chapter 1","resource":"01.xhtml"},{"title":"Chapter 2","resource":"02.xhtml"}]}
2015-05-07 11:13:31,184 INFO [main] eu.freme.eservices.epublishing.webservice.Main(34): Creating Grizzly Server
2015-05-07 11:13:33,788 INFO [main] eu.freme.eservices.epublishing.webservice.Main(49): Created Grizzly Server
2015-05-07 11:13:33,791 INFO [main] eu.freme.eservices.epublishing.webservice.Main(50): base uri: http://0.0.0.0:8080
2015-05-07 11:13:33,792 INFO [main] eu.freme.eservices.epublishing.webservice.Main(51): WADL: http://0.0.0.0:8080/application.wadl
2015-05-07 11:13:35,037 INFO [grizzly-http-server-1] eu.freme.eservices.epublishing.webservice.EPublish(40): {"titles":["Alice in Utopia"],"authors":["Joske Vermeulen"],"coverImage":"cover.jpeg","tableOfContents":[{"title":"Chapter 1","resource":"01.xhtml"},{"title":"Chapter 2","resource":"02.xhtml"}]}
2015-05-07 11:13:49,293 ERROR [main] nl.siegmann.epublib.epub.PackageDocumentReader(363): Cover resource image_2 not found
2015-05-07 11:13:49,316 INFO [main] eu.freme.eservices.epublishing.webservice.Main(60): Destroying Grizzly Server
2015-05-07 11:13:49,346 INFO [main] eu.freme.eservices.epublishing.webservice.Main(63): Destroyed Grizzly Server
2015-05-07 11:21:52,803 INFO [main] eu.freme.eservices.epublishing.webservice.Main(34): Creating Grizzly Server
2015-05-07 11:21:54,893 INFO [main] eu.freme.eservices.epublishing.webservice.Main(49): Created Grizzly Server
2015-05-07 11:21:54,896 INFO [main] eu.freme.eservices.epublishing.webservice.Main(50): base uri: http://0.0.0.0:8080
2015-05-07 11:21:54,897 INFO [main] eu.freme.eservices.epublishing.webservice.Main(51): WADL: http://0.0.0.0:8080/application.wadl
2015-05-07 11:21:55,873 INFO [grizzly-http-server-0] eu.freme.eservices.epublishing.webservice.EPublish(40): {"titles":["Alice in Utopia"],"authors":["Joske Vermeulen"],"tableOfContents":[{"title":"Chapter 1","resource":"01.xhtml"},{"title":"Chapter 2","resource":"02.xhtml"}]}
2015-05-07 11:21:56,826 INFO [main] eu.freme.eservices.epublishing.webservice.Main(60): Destroying Grizzly Server
2015-05-07 11:21:56,856 INFO [main] eu.freme.eservices.epublishing.webservice.Main(63): Destroyed Grizzly Server
2015-05-07 11:21:56,859 INFO [main] eu.freme.eservices.epublishing.webservice.Main(34): Creating Grizzly Server
2015-05-07 11:21:57,169 INFO [main] eu.freme.eservices.epublishing.webservice.Main(49): Created Grizzly Server
2015-05-07 11:21:57,170 INFO [main] eu.freme.eservices.epublishing.webservice.Main(50): base uri: http://0.0.0.0:8080
2015-05-07 11:21:57,171 INFO [main] eu.freme.eservices.epublishing.webservice.Main(51): WADL: http://0.0.0.0:8080/application.wadl
2015-05-07 11:21:57,301 INFO [grizzly-http-server-1] eu.freme.eservices.epublishing.webservice.EPublish(40): {"titles":["Alice in Utopia"],"authors":["Joske Vermeulen"],"coverImage":"cover.jpeg","tableOfContents":[{"title":"Chapter 1","resource":"01.xhtml"},{"title":"Chapter 2","resource":"02.xhtml"}]}
2015-05-07 11:21:57,516 INFO [main] eu.freme.eservices.epublishing.webservice.Main(60): Destroying Grizzly Server
2015-05-07 11:21:57,572 INFO [main] eu.freme.eservices.epublishing.webservice.Main(63): Destroyed Grizzly Server
2015-05-07 11:21:57,574 INFO [main] eu.freme.eservices.epublishing.webservice.Main(34): Creating Grizzly Server
2015-05-07 11:21:57,772 INFO [main] eu.freme.eservices.epublishing.webservice.Main(49): Created Grizzly Server
2015-05-07 11:21:57,773 INFO [main] eu.freme.eservices.epublishing.webservice.Main(50): base uri: http://0.0.0.0:8080
2015-05-07 11:21:57,774 INFO [main] eu.freme.eservices.epublishing.webservice.Main(51): WADL: http://0.0.0.0:8080/application.wadl
2015-05-07 11:21:57,891 INFO [grizzly-http-server-0] eu.freme.eservices.epublishing.webservice.EPublish(40): {"titles":["Alice in Utopia"],"authors":["Joske Vermeulen","Marieke Vermalen"],"identifier":"urn:ean:1234-7956-1356-1123","description":"Dit is een heel mooi boekske."}
2015-05-07 11:21:58,189 INFO [main] eu.freme.eservices.epublishing.webservice.Main(60): Destroying Grizzly Server
2015-05-07 11:21:58,218 INFO [main] eu.freme.eservices.epublishing.webservice.Main(63): Destroyed Grizzly Server
2015-05-07 11:25:09,963 INFO [main] eu.freme.eservices.epublishing.webservice.Main(34): Creating Grizzly Server
2015-05-07 11:25:12,135 INFO [main] eu.freme.eservices.epublishing.webservice.Main(49): Created Grizzly Server
2015-05-07 11:25:12,139 INFO [main] eu.freme.eservices.epublishing.webservice.Main(50): base uri: http://0.0.0.0:8080
2015-05-07 11:25:12,140 INFO [main] eu.freme.eservices.epublishing.webservice.Main(51): WADL: http://0.0.0.0:8080/application.wadl
2015-05-07 11:25:13,091 INFO [grizzly-http-server-0] eu.freme.eservices.epublishing.webservice.EPublish(40): {"titles":["Alice in Utopia"],"authors":["Joske Vermeulen","Marieke Vermalen"],"identifier":"urn:ean:1234-7956-1356-1123","description":"Dit is een heel mooi boekske."}
2015-05-07 11:25:13,829 INFO [main] eu.freme.eservices.epublishing.webservice.Main(60): Destroying Grizzly Server
2015-05-07 11:25:13,853 INFO [main] eu.freme.eservices.epublishing.webservice.Main(63): Destroyed Grizzly Server
2015-05-07 11:25:13,856 INFO [main] eu.freme.eservices.epublishing.webservice.Main(34): Creating Grizzly Server
2015-05-07 11:25:14,091 INFO [main] eu.freme.eservices.epublishing.webservice.Main(49): Created Grizzly Server
2015-05-07 11:25:14,092 INFO [main] eu.freme.eservices.epublishing.webservice.Main(50): base uri: http://0.0.0.0:8080
2015-05-07 11:25:14,093 INFO [main] eu.freme.eservices.epublishing.webservice.Main(51): WADL: http://0.0.0.0:8080/application.wadl
2015-05-07 11:25:14,255 INFO [grizzly-http-server-0] eu.freme.eservices.epublishing.webservice.EPublish(40): {"titles":["Alice in Utopia"],"authors":["Joske Vermeulen"],"tableOfContents":[{"title":"Chapter 1","resource":"01.xhtml"},{"title":"Chapter 2","resource":"02.xhtml"}]}
2015-05-07 11:25:14,539 INFO [main] eu.freme.eservices.epublishing.webservice.Main(60): Destroying Grizzly Server
2015-05-07 11:25:14,575 INFO [main] eu.freme.eservices.epublishing.webservice.Main(63): Destroyed Grizzly Server
2015-05-07 11:25:14,581 INFO [main] eu.freme.eservices.epublishing.webservice.Main(34): Creating Grizzly Server
2015-05-07 11:25:14,779 INFO [main] eu.freme.eservices.epublishing.webservice.Main(49): Created Grizzly Server
2015-05-07 11:25:14,780 INFO [main] eu.freme.eservices.epublishing.webservice.Main(50): base uri: http://0.0.0.0:8080
2015-05-07 11:25:14,781 INFO [main] eu.freme.eservices.epublishing.webservice.Main(51): WADL: http://0.0.0.0:8080/application.wadl
2015-05-07 11:25:14,898 INFO [grizzly-http-server-0] eu.freme.eservices.epublishing.webservice.EPublish(40): {"titles":["Alice in Utopia"],"authors":["Joske Vermeulen"],"coverImage":"cover.jpeg","tableOfContents":[{"title":"Chapter 1","resource":"01.xhtml"},{"title":"Chapter 2","resource":"02.xhtml"}]}
2015-05-07 11:25:15,157 INFO [main] eu.freme.eservices.epublishing.webservice.Main(60): Destroying Grizzly Server
2015-05-07 11:25:15,179 INFO [main] eu.freme.eservices.epublishing.webservice.Main(63): Destroyed Grizzly Server
2015-05-07 11:26:32,160 INFO [main] eu.freme.eservices.epublishing.webservice.Main(34): Creating Grizzly Server
2015-05-07 11:26:34,557 INFO [main] eu.freme.eservices.epublishing.webservice.Main(49): Created Grizzly Server
2015-05-07 11:26:34,560 INFO [main] eu.freme.eservices.epublishing.webservice.Main(50): base uri: http://0.0.0.0:8080
2015-05-07 11:26:34,561 INFO [main] eu.freme.eservices.epublishing.webservice.Main(51): WADL: http://0.0.0.0:8080/application.wadl
2015-05-07 11:26:35,513 INFO [grizzly-http-server-0] eu.freme.eservices.epublishing.webservice.EPublish(40): {"titles":["Alice in Utopia"],"authors":["Joske Vermeulen","Marieke Vermalen"],"identifier":"urn:ean:1234-7956-1356-1123","description":"Dit is een heel mooi boekske."}
2015-05-07 11:26:36,336 INFO [main] eu.freme.eservices.epublishing.webservice.Main(60): Destroying Grizzly Server
2015-05-07 11:26:36,357 INFO [main] eu.freme.eservices.epublishing.webservice.Main(63): Destroyed Grizzly Server
2015-05-07 11:26:36,361 INFO [main] eu.freme.eservices.epublishing.webservice.Main(34): Creating Grizzly Server
2015-05-07 11:26:36,622 INFO [main] eu.freme.eservices.epublishing.webservice.Main(49): Created Grizzly Server
2015-05-07 11:26:36,624 INFO [main] eu.freme.eservices.epublishing.webservice.Main(50): base uri: http://0.0.0.0:8080
2015-05-07 11:26:36,626 INFO [main] eu.freme.eservices.epublishing.webservice.Main(51): WADL: http://0.0.0.0:8080/application.wadl
2015-05-07 11:26:36,758 INFO [grizzly-http-server-0] eu.freme.eservices.epublishing.webservice.EPublish(40): {"titles":["Alice in Utopia"],"authors":["Joske Vermeulen"],"tableOfContents":[{"title":"Chapter 1","resource":"01.xhtml"},{"title":"Chapter 2","resource":"02.xhtml"}]}
2015-05-07 11:26:37,022 INFO [main] eu.freme.eservices.epublishing.webservice.Main(60): Destroying Grizzly Server
2015-05-07 11:26:37,052 INFO [main] eu.freme.eservices.epublishing.webservice.Main(63): Destroyed Grizzly Server
2015-05-07 11:26:37,054 INFO [main] eu.freme.eservices.epublishing.webservice.Main(34): Creating Grizzly Server
2015-05-07 11:26:37,256 INFO [main] eu.freme.eservices.epublishing.webservice.Main(49): Created Grizzly Server
2015-05-07 11:26:37,257 INFO [main] eu.freme.eservices.epublishing.webservice.Main(50): base uri: http://0.0.0.0:8080
2015-05-07 11:26:37,258 INFO [main] eu.freme.eservices.epublishing.webservice.Main(51): WADL: http://0.0.0.0:8080/application.wadl
2015-05-07 11:26:37,386 INFO [grizzly-http-server-0] eu.freme.eservices.epublishing.webservice.EPublish(40): {"titles":["Alice in Utopia"],"authors":["Joske Vermeulen"],"coverImage":"cover.jpeg","tableOfContents":[{"title":"Chapter 1","resource":"01.xhtml"},{"title":"Chapter 2","resource":"02.xhtml"}]}
2015-05-07 11:26:37,647 INFO [main] eu.freme.eservices.epublishing.webservice.Main(60): Destroying Grizzly Server
2015-05-07 11:26:37,672 INFO [main] eu.freme.eservices.epublishing.webservice.Main(63): Destroyed Grizzly Server
2015-05-07 11:27:28,570 INFO [main] eu.freme.eservices.epublishing.webservice.Main(34): Creating Grizzly Server
2015-05-07 11:27:31,247 INFO [main] eu.freme.eservices.epublishing.webservice.Main(49): Created Grizzly Server
2015-05-07 11:27:31,250 INFO [main] eu.freme.eservices.epublishing.webservice.Main(50): base uri: http://0.0.0.0:8080
2015-05-07 11:27:31,251 INFO [main] eu.freme.eservices.epublishing.webservice.Main(51): WADL: http://0.0.0.0:8080/application.wadl
2015-05-07 11:27:32,495 INFO [grizzly-http-server-0] eu.freme.eservices.epublishing.webservice.EPublish(40): {"titles":["Alice in Utopia"],"authors":["Joske Vermeulen"],"coverImage":"cover.jpeg","tableOfContents":[{"title":"Chapter 1","resource":"01.xhtml"},{"title":"Chapter 2","resource":"02.xhtml"}]}
2015-05-07 11:28:34,268 INFO [main] eu.freme.eservices.epublishing.webservice.Main(60): Destroying Grizzly Server
2015-05-07 11:28:34,297 INFO [main] eu.freme.eservices.epublishing.webservice.Main(63): Destroyed Grizzly Server
2015-05-07 11:29:43,647 INFO [main] eu.freme.eservices.epublishing.webservice.Main(34): Creating Grizzly Server
2015-05-07 11:29:46,396 INFO [main] eu.freme.eservices.epublishing.webservice.Main(49): Created Grizzly Server
2015-05-07 11:29:46,399 INFO [main] eu.freme.eservices.epublishing.webservice.Main(50): base uri: http://0.0.0.0:8080
2015-05-07 11:29:46,401 INFO [main] eu.freme.eservices.epublishing.webservice.Main(51): WADL: http://0.0.0.0:8080/application.wadl
2015-05-07 11:29:47,363 INFO [grizzly-http-server-0] eu.freme.eservices.epublishing.webservice.EPublish(40): {"titles":["Alice in Utopia"],"authors":["Joske Vermeulen"],"coverImage":"cover.jpeg","tableOfContents":[{"title":"Chapter 1","resource":"01.xhtml"},{"title":"Chapter 2","resource":"02.xhtml"}]}
2015-05-07 11:29:48,072 INFO [main] eu.freme.eservices.epublishing.webservice.Main(60): Destroying Grizzly Server
2015-05-07 11:29:48,102 INFO [main] eu.freme.eservices.epublishing.webservice.Main(63): Destroyed Grizzly Server
